
=== Mon May  6 09:27:07 2019

Packages were changed.
Update Mode: updateDependencies

The following packages were added:
  com.unity.collab-proxy@1.2.16
  com.unity.timeline@1.0.0
  com.unity.multiplayer-hlapi@1.0.2
  com.unity.xr.legacyinputhelpers@2.0.2
The following packages were updated:
  com.unity.analytics from version 2.0.16 to 3.3.2
  com.unity.package-manager-ui from version 1.9.11 to 2.1.2
  com.unity.purchasing from version 2.0.3 to 2.0.6
  com.unity.textmeshpro from version 1.2.4 to 2.0.0

=== Mon May  6 09:31:16 2019

Packages were changed.
Update Mode: resetToDefaultDependencies

The following packages were removed:
  com.unity.2d.animation@1.0.16-preview.2
  com.unity.cinemachine@2.2.8
  com.unity.multiplayer-hlapi@1.0.2
  com.unity.xr.legacyinputhelpers@2.0.2

=== Thu Feb  4 12:47:52 2021

Packages were changed.
Update Mode: updateDependencies

The following packages were added:
  com.unity.2d.sprite@1.0.0
  com.unity.2d.tilemap@1.0.0
  com.unity.ide.rider@2.0.7
  com.unity.ide.visualstudio@2.0.5
  com.unity.ide.vscode@1.2.3
  com.unity.modules.androidjni@1.0.0
  com.unity.test-framework@1.1.19
  com.unity.ugui@1.0.0
The following packages were updated:
  com.unity.2d.animation from version 2.1.0-preview.2 to 5.0.3
  com.unity.2d.psdimporter from version 1.1.0-preview.1 to 4.0.2
  com.unity.ads from version 2.0.8 to 3.5.2
  com.unity.analytics from version 3.3.2 to 3.5.3
  com.unity.collab-proxy from version 1.2.16 to 1.3.9
  com.unity.purchasing from version 2.0.6 to 2.1.1
  com.unity.textmeshpro from version 2.0.0 to 3.0.1
  com.unity.timeline from version 1.0.0 to 1.2.6
The following packages were removed:
  com.unity.2d.ik@1.1.0-preview.1
  com.unity.package-manager-ui@2.1.2
